# JRE version: OpenJDK Runtime Environment (8.0_482-b08) (build 1.8.0_482-b08)
# Java VM: OpenJDK 64-Bit Server VM (25.482-b08 mixed mode windows-amd64 compressed oops)
Heap:
 PSYoungGen      total 531456K, used 71793K [0x0000000715580000, 0x0000000738880000, 0x00000007c0000000)
  eden space 497664K, 7% used [0x0000000715580000,0x0000000717a9d0d8,0x0000000733b80000)
  from space 33792K, 99% used [0x0000000736400000,0x00000007384ff600,0x0000000738500000)
  to   space 39424K, 0% used [0x0000000733b80000,0x0000000733b80000,0x0000000736200000)
 ParOldGen       total 330752K, used 75983K [0x00000005c0000000, 0x00000005d4300000, 0x0000000715580000)
  object space 330752K, 22% used [0x00000005c0000000,0x00000005c4a33d50,0x00000005d4300000)
 Metaspace       used 110536K, capacity 118492K, committed 118720K, reserved 1150976K
  class space    used 15174K, capacity 16471K, committed 16576K, reserved 1048576K
GC Heap History (40 events):
Event: 1.104 GC heap before
{Heap before GC invocations=1 (full 0):
 PSYoungGen      total 75264K, used 64512K [0x0000000715580000, 0x000000071a980000, 0x00000007c0000000)
  eden space 64512K, 100% used [0x0000000715580000,0x0000000719480000,0x0000000719480000)
  from space 10752K, 0% used [0x0000000719f00000,0x0000000719f00000,0x000000071a980000)
  to   space 10752K, 0% used [0x0000000719480000,0x0000000719480000,0x0000000719f00000)
 ParOldGen       total 172032K, used 0K [0x00000005c0000000, 0x00000005ca800000, 0x0000000715580000)
  object space 172032K, 0% used [0x00000005c0000000,0x00000005c0000000,0x00000005ca800000)
 Metaspace       used 8055K, capacity 8292K, committed 8576K, reserved 1056768K
  class space    used 954K, capacity 1062K, committed 1152K, reserved 1048576K
Event: 1.111 GC heap after
Heap after GC invocations=1 (full 0):
 PSYoungGen      total 75264K, used 4293K [0x0000000715580000, 0x000000071a980000, 0x00000007c0000000)
  eden space 64512K, 0% used [0x0000000715580000,0x0000000715580000,0x0000000719480000)
  from space 10752K, 39% used [0x0000000719480000,0x00000007198b1490,0x0000000719f00000)
  to   space 10752K, 0% used [0x0000000719f00000,0x0000000719f00000,0x000000071a980000)
 ParOldGen       total 172032K, used 16K [0x00000005c0000000, 0x00000005ca800000, 0x0000000715580000)
  object space 172032K, 0% used [0x00000005c0000000,0x00000005c0004000,0x00000005ca800000)
 Metaspace       used 8055K, capacity 8292K, committed 8576K, reserved 1056768K
  class space    used 954K, capacity 1062K, committed 1152K, reserved 1048576K
}
Event: 1.822 GC heap before
{Heap before GC invocations=2 (full 0):
 PSYoungGen      total 75264K, used 68805K [0x0000000715580000, 0x000000071a980000, 0x00000007c0000000)
  eden space 64512K, 100% used [0x0000000715580000,0x0000000719480000,0x0000000719480000)
  from space 10752K, 39% used [0x0000000719480000,0x00000007198b1490,0x0000000719f00000)
  to   space 10752K, 0% used [0x0000000719f00000,0x0000000719f00000,0x000000071a980000)
 ParOldGen       total 172032K, used 16K [0x00000005c0000000, 0x00000005ca800000, 0x0000000715580000)
  object space 172032K, 0% used [0x00000005c0000000,0x00000005c0004000,0x00000005ca800000)
 Metaspace       used 8962K, capacity 9174K, committed 9472K, reserved 1056768K
  class space    used 1063K, capacity 1161K, committed 1280K, reserved 1048576K
Event: 1.831 GC heap after
Heap after GC invocations=2 (full 0):
 PSYoungGen      total 75264K, used 6003K [0x0000000715580000, 0x000000071a980000, 0x00000007c0000000)
  eden space 64512K, 0% used [0x0000000715580000,0x0000000715580000,0x0000000719480000)
  from space 10752K, 55% used [0x0000000719f00000,0x000000071a4dcf78,0x000000071a980000)
  to   space 10752K, 0% used [0x0000000719480000,0x0000000719480000,0x0000000719f00000)
 ParOldGen       total 172032K, used 24K [0x00000005c0000000, 0x00000005ca800000, 0x0000000715580000)
  object space 172032K, 0% used [0x00000005c0000000,0x00000005c0006000,0x00000005ca800000)
 Metaspace       used 8962K, capacity 9174K, committed 9472K, reserved 1056768K
  class space    used 1063K, capacity 1161K, committed 1280K, reserved 1048576K
}
Event: 2.274 GC heap before
{Heap before GC invocations=3 (full 0):
 PSYoungGen      total 75264K, used 70515K [0x0000000715580000, 0x000000071a980000, 0x00000007c0000000)
  eden space 64512K, 100% used [0x0000000715580000,0x0000000719480000,0x0000000719480000)
  from space 10752K, 55% used [0x0000000719f00000,0x000000071a4dcf78,0x000000071a980000)
  to   space 10752K, 0% used [0x0000000719480000,0x0000000719480000,0x0000000719f00000)
 ParOldGen       total 172032K, used 24K [0x00000005c0000000, 0x00000005ca800000, 0x0000000715580000)
  object space 172032K, 0% used [0x00000005c0000000,0x00000005c0006000,0x00000005ca800000)
 Metaspace       used 9665K, capacity 9984K, committed 10112K, reserved 1058816K
  class space    used 1197K, capacity 1300K, committed 1408K, reserved 1048576K
Event: 2.278 GC heap after
Heap after GC invocations=3 (full 0):
 PSYoungGen      total 75264K, used 6191K [0x0000000715580000, 0x000000071a980000, 0x00000007c0000000)
  eden space 64512K, 0% used [0x0000000715580000,0x0000000715580000,0x0000000719480000)
  from space 10752K, 57% used [0x0000000719480000,0x0000000719a8bf40,0x0000000719f00000)
  to   space 10752K, 0% used [0x0000000719f00000,0x0000000719f00000,0x000000071a980000)
 ParOldGen       total 172032K, used 32K [0x00000005c0000000, 0x00000005ca800000, 0x0000000715580000)
  object space 172032K, 0% used [0x00000005c0000000,0x00000005c0008000,0x00000005ca800000)
 Metaspace       used 9665K, capacity 9984K, committed 10112K, reserved 1058816K
  class space    used 1197K, capacity 1300K, committed 1408K, reserved 1048576K
}
Event: 3.599 GC heap before
{Heap before GC invocations=4 (full 0):
 PSYoungGen      total 75264K, used 70703K [0x0000000715580000, 0x000000071a980000, 0x00000007c0000000)
  eden space 64512K, 100% used [0x0000000715580000,0x0000000719480000,0x0000000719480000)
  from space 10752K, 57% used [0x0000000719480000,0x0000000719a8bf40,0x0000000719f00000)
  to   space 10752K, 0% used [0x0000000719f00000,0x0000000719f00000,0x000000071a980000)
 ParOldGen       total 172032K, used 32K [0x00000005c0000000, 0x00000005ca800000, 0x0000000715580000)
  object space 172032K, 0% used [0x00000005c0000000,0x00000005c0008000,0x00000005ca800000)
 Metaspace       used 15618K, capacity 16022K, committed 16256K, reserved 1062912K
  class space    used 2003K, capacity 2141K, committed 2176K, reserved 1048576K
Event: 3.608 GC heap after
Heap after GC invocations=4 (full 0):
 PSYoungGen      total 75264K, used 9752K [0x0000000715580000, 0x000000071a980000, 0x00000007c0000000)
  eden space 64512K, 0% used [0x0000000715580000,0x0000000715580000,0x0000000719480000)
  from space 10752K, 90% used [0x0000000719f00000,0x000000071a886080,0x000000071a980000)
  to   space 10752K, 0% used [0x0000000719480000,0x0000000719480000,0x0000000719f00000)
 ParOldGen       total 172032K, used 40K [0x00000005c0000000, 0x00000005ca800000, 0x0000000715580000)
  object space 172032K, 0% used [0x00000005c0000000,0x00000005c000a000,0x00000005ca800000)
 Metaspace       used 15618K, capacity 16022K, committed 16256K, reserved 1062912K
  class space    used 2003K, capacity 2141K, committed 2176K, reserved 1048576K
}
Event: 4.340 GC heap before
{Heap before GC invocations=5 (full 0):
 PSYoungGen      total 75264K, used 74264K [0x0000000715580000, 0x000000071a980000, 0x00000007c0000000)
  eden space 64512K, 100% used [0x0000000715580000,0x0000000719480000,0x0000000719480000)
  from space 10752K, 90% used [0x0000000719f00000,0x000000071a886080,0x000000071a980000)
  to   space 10752K, 0% used [0x0000000719480000,0x0000000719480000,0x0000000719f00000)
 ParOldGen       total 172032K, used 40K [0x00000005c0000000, 0x00000005ca800000, 0x0000000715580000)
  object space 172032K, 0% used [0x00000005c0000000,0x00000005c000a000,0x00000005ca800000)
 Metaspace       used 19296K, capacity 20194K, committed 20224K, reserved 1067008K
  class space    used 2568K, capacity 2811K, committed 2816K, reserved 1048576K
Event: 4.353 GC heap after
Heap after GC invocations=5 (full 0):
 PSYoungGen      total 75264K, used 10749K [0x0000000715580000, 0x000000071eb80000, 0x00000007c0000000)
  eden space 64512K, 0% used [0x0000000715580000,0x0000000715580000,0x0000000719480000)
  from space 10752K, 99% used [0x0000000719480000,0x0000000719eff618,0x0000000719f00000)
  to   space 12288K, 0% used [0x000000071df80000,0x000000071df80000,0x000000071eb80000)
 ParOldGen       total 172032K, used 48K [0x00000005c0000000, 0x00000005ca800000, 0x0000000715580000)
  object space 172032K, 0% used [0x00000005c0000000,0x00000005c000c000,0x00000005ca800000)
 Metaspace       used 19296K, capacity 20194K, committed 20224K, reserved 1067008K
  class space    used 2568K, capacity 2811K, committed 2816K, reserved 1048576K
}
Event: 4.592 GC heap before
{Heap before GC invocations=6 (full 0):
 PSYoungGen      total 75264K, used 33566K [0x0000000715580000, 0x000000071eb80000, 0x00000007c0000000)
  eden space 64512K, 35% used [0x0000000715580000,0x0000000716bc8320,0x0000000719480000)
  from space 10752K, 99% used [0x0000000719480000,0x0000000719eff618,0x0000000719f00000)
  to   space 12288K, 0% used [0x000000071df80000,0x000000071df80000,0x000000071eb80000)
 ParOldGen       total 172032K, used 48K [0x00000005c0000000, 0x00000005ca800000, 0x0000000715580000)
  object space 172032K, 0% used [0x00000005c0000000,0x00000005c000c000,0x00000005ca800000)
 Metaspace       used 20301K, capacity 21210K, committed 21296K, reserved 1067008K
  class space    used 2735K, capacity 2935K, committed 2944K, reserved 1048576K
Event: 4.601 GC heap after
Heap after GC invocations=6 (full 0):
 PSYoungGen      total 141312K, used 8772K [0x0000000715580000, 0x000000071eb80000, 0x00000007c0000000)
  eden space 129024K, 0% used [0x0000000715580000,0x0000000715580000,0x000000071d380000)
  from space 12288K, 71% used [0x000000071df80000,0x000000071e811080,0x000000071eb80000)
  to   space 12288K, 0% used [0x000000071d380000,0x000000071d380000,0x000000071df80000)
 ParOldGen       total 172032K, used 56K [0x00000005c0000000, 0x00000005ca800000, 0x0000000715580000)
  object space 172032K, 0% used [0x00000005c0000000,0x00000005c000e000,0x00000005ca800000)
 Metaspace       used 20301K, capacity 21210K, committed 21296K, reserved 1067008K
  class space    used 2735K, capacity 2935K, committed 2944K, reserved 1048576K
}
Event: 4.601 GC heap before
{Heap before GC invocations=7 (full 1):
 PSYoungGen      total 141312K, used 8772K [0x0000000715580000, 0x000000071eb80000, 0x00000007c0000000)
  eden space 129024K, 0% used [0x0000000715580000,0x0000000715580000,0x000000071d380000)
  from space 12288K, 71% used [0x000000071df80000,0x000000071e811080,0x000000071eb80000)
  to   space 12288K, 0% used [0x000000071d380000,0x000000071d380000,0x000000071df80000)
 ParOldGen       total 172032K, used 56K [0x00000005c0000000, 0x00000005ca800000, 0x0000000715580000)
  object space 172032K, 0% used [0x00000005c0000000,0x00000005c000e000,0x00000005ca800000)
 Metaspace       used 20301K, capacity 21210K, committed 21296K, reserved 1067008K
  class space    used 2735K, capacity 2935K, committed 2944K, reserved 1048576K
Event: 4.647 GC heap after
Heap after GC invocations=7 (full 1):
 PSYoungGen      total 141312K, used 0K [0x0000000715580000, 0x000000071eb80000, 0x00000007c0000000)
  eden space 129024K, 0% used [0x0000000715580000,0x0000000715580000,0x000000071d380000)
  from space 12288K, 0% used [0x000000071df80000,0x000000071df80000,0x000000071eb80000)
  to   space 12288K, 0% used [0x000000071d380000,0x000000071d380000,0x000000071df80000)
 ParOldGen       total 97280K, used 8556K [0x00000005c0000000, 0x00000005c5f00000, 0x0000000715580000)
  object space 97280K, 8% used [0x00000005c0000000,0x00000005c085b290,0x00000005c5f00000)
 Metaspace       used 20301K, capacity 21210K, committed 21296K, reserved 1067008K
  class space    used 2735K, capacity 2935K, committed 2944K, reserved 1048576K
}
Event: 5.700 GC heap before
{Heap before GC invocations=8 (full 1):
 PSYoungGen      total 141312K, used 129024K [0x0000000715580000, 0x000000071eb80000, 0x00000007c0000000)
  eden space 129024K, 100% used [0x0000000715580000,0x000000071d380000,0x000000071d380000)
  from space 12288K, 0% used [0x000000071df80000,0x000000071df80000,0x000000071eb80000)
  to   space 12288K, 0% used [0x000000071d380000,0x000000071d380000,0x000000071df80000)
 ParOldGen       total 97280K, used 8556K [0x00000005c0000000, 0x00000005c5f00000, 0x0000000715580000)
  object space 97280K, 8% used [0x00000005c0000000,0x00000005c085b290,0x00000005c5f00000)
 Metaspace       used 25142K, capacity 26096K, committed 26240K, reserved 1071104K
  class space    used 3456K, capacity 3712K, committed 3712K, reserved 1048576K
Event: 5.706 GC heap after
Heap after GC invocations=8 (full 1):
 PSYoungGen      total 141312K, used 7414K [0x0000000715580000, 0x0000000723580000, 0x00000007c0000000)
  eden space 129024K, 0% used [0x0000000715580000,0x0000000715580000,0x000000071d380000)
  from space 12288K, 60% used [0x000000071d380000,0x000000071dabdb70,0x000000071df80000)
  to   space 11776K, 0% used [0x0000000722a00000,0x0000000722a00000,0x0000000723580000)
 ParOldGen       total 97280K, used 8564K [0x00000005c0000000, 0x00000005c5f00000, 0x0000000715580000)
  object space 97280K, 8% used [0x00000005c0000000,0x00000005c085d290,0x00000005c5f00000)
 Metaspace       used 25142K, capacity 26096K, committed 26240K, reserved 1071104K
  class space    used 3456K, capacity 3712K, committed 3712K, reserved 1048576K
}
Event: 6.889 GC heap before
{Heap before GC invocations=9 (full 1):
 PSYoungGen      total 141312K, used 136438K [0x0000000715580000, 0x0000000723580000, 0x00000007c0000000)
  eden space 129024K, 100% used [0x0000000715580000,0x000000071d380000,0x000000071d380000)
  from space 12288K, 60% used [0x000000071d380000,0x000000071dabdb70,0x000000071df80000)
  to   space 11776K, 0% used [0x0000000722a00000,0x0000000722a00000,0x0000000723580000)
 ParOldGen       total 97280K, used 8564K [0x00000005c0000000, 0x00000005c5f00000, 0x0000000715580000)
  object space 97280K, 8% used [0x00000005c0000000,0x00000005c085d290,0x00000005c5f00000)
 Metaspace       used 31803K, capacity 33646K, committed 33792K, reserved 1079296K
  class space    used 4496K, capacity 4859K, committed 4864K, reserved 1048576K
Event: 6.897 GC heap after
Heap after GC invocations=9 (full 1):
 PSYoungGen      total 212480K, used 10805K [0x0000000715580000, 0x0000000723500000, 0x00000007c0000000)
  eden space 201216K, 0% used [0x0000000715580000,0x0000000715580000,0x0000000721a00000)
  from space 11264K, 95% used [0x0000000722a00000,0x000000072348d790,0x0000000723500000)
  to   space 12800K, 0% used [0x0000000721c00000,0x0000000721c00000,0x0000000722880000)
 ParOldGen       total 97280K, used 8572K [0x00000005c0000000, 0x00000005c5f00000, 0x0000000715580000)
  object space 97280K, 8% used [0x00000005c0000000,0x00000005c085f290,0x00000005c5f00000)
 Metaspace       used 31803K, capacity 33646K, committed 33792K, reserved 1079296K
  class space    used 4496K, capacity 4859K, committed 4864K, reserved 1048576K
}
Event: 7.065 GC heap before
{Heap before GC invocations=10 (full 1):
 PSYoungGen      total 212480K, used 30588K [0x0000000715580000, 0x0000000723500000, 0x00000007c0000000)
  eden space 201216K, 9% used [0x0000000715580000,0x00000007168d1968,0x0000000721a00000)
  from space 11264K, 95% used [0x0000000722a00000,0x000000072348d790,0x0000000723500000)
  to   space 12800K, 0% used [0x0000000721c00000,0x0000000721c00000,0x0000000722880000)
 ParOldGen       total 97280K, used 8572K [0x00000005c0000000, 0x00000005c5f00000, 0x0000000715580000)
  object space 97280K, 8% used [0x00000005c0000000,0x00000005c085f290,0x00000005c5f00000)
 Metaspace       used 33481K, capacity 35368K, committed 35456K, reserved 1079296K
  class space    used 4830K, capacity 5204K, committed 5248K, reserved 1048576K
Event: 7.072 GC heap after
Heap after GC invocations=10 (full 1):
 PSYoungGen      total 216064K, used 6470K [0x0000000715580000, 0x0000000728080000, 0x00000007c0000000)
  eden space 203264K, 0% used [0x0000000715580000,0x0000000715580000,0x0000000721c00000)
  from space 12800K, 50% used [0x0000000721c00000,0x0000000722251b70,0x0000000722880000)
  to   space 12800K, 0% used [0x0000000727400000,0x0000000727400000,0x0000000728080000)
 ParOldGen       total 97280K, used 8580K [0x00000005c0000000, 0x00000005c5f00000, 0x0000000715580000)
  object space 97280K, 8% used [0x00000005c0000000,0x00000005c0861290,0x00000005c5f00000)
 Metaspace       used 33481K, capacity 35368K, committed 35456K, reserved 1079296K
  class space    used 4830K, capacity 5204K, committed 5248K, reserved 1048576K
}
Event: 7.072 GC heap before
{Heap before GC invocations=11 (full 2):
 PSYoungGen      total 216064K, used 6470K [0x0000000715580000, 0x0000000728080000, 0x00000007c0000000)
  eden space 203264K, 0% used [0x0000000715580000,0x0000000715580000,0x0000000721c00000)
  from space 12800K, 50% used [0x0000000721c00000,0x0000000722251b70,0x0000000722880000)
  to   space 12800K, 0% used [0x0000000727400000,0x0000000727400000,0x0000000728080000)
 ParOldGen       total 97280K, used 8580K [0x00000005c0000000, 0x00000005c5f00000, 0x0000000715580000)
  object space 97280K, 8% used [0x00000005c0000000,0x00000005c0861290,0x00000005c5f00000)
 Metaspace       used 33481K, capacity 35368K, committed 35456K, reserved 1079296K
  class space    used 4830K, capacity 5204K, committed 5248K, reserved 1048576K
Event: 7.109 GC heap after
Heap after GC invocations=11 (full 2):
 PSYoungGen      total 216064K, used 0K [0x0000000715580000, 0x0000000728080000, 0x00000007c0000000)
  eden space 203264K, 0% used [0x0000000715580000,0x0000000715580000,0x0000000721c00000)
  from space 12800K, 0% used [0x0000000721c00000,0x0000000721c00000,0x0000000722880000)
  to   space 12800K, 0% used [0x0000000727400000,0x0000000727400000,0x0000000728080000)
 ParOldGen       total 138752K, used 13899K [0x00000005c0000000, 0x00000005c8780000, 0x0000000715580000)
  object space 138752K, 10% used [0x00000005c0000000,0x00000005c0d92f70,0x00000005c8780000)
 Metaspace       used 33481K, capacity 35368K, committed 35456K, reserved 1079296K
  class space    used 4830K, capacity 5204K, committed 5248K, reserved 1048576K
}
Event: 9.474 GC heap before
{Heap before GC invocations=12 (full 2):
 PSYoungGen      total 216064K, used 203264K [0x0000000715580000, 0x0000000728080000, 0x00000007c0000000)
  eden space 203264K, 100% used [0x0000000715580000,0x0000000721c00000,0x0000000721c00000)
  from space 12800K, 0% used [0x0000000721c00000,0x0000000721c00000,0x0000000722880000)
  to   space 12800K, 0% used [0x0000000727400000,0x0000000727400000,0x0000000728080000)
 ParOldGen       total 138752K, used 13899K [0x00000005c0000000, 0x00000005c8780000, 0x0000000715580000)
  object space 138752K, 10% used [0x00000005c0000000,0x00000005c0d92f70,0x00000005c8780000)
 Metaspace       used 44272K, capacity 46926K, committed 47104K, reserved 1089536K
  class space    used 6161K, capacity 6633K, committed 6656K, reserved 1048576K
Event: 9.490 GC heap after
Heap after GC invocations=12 (full 2):
 PSYoungGen      total 284672K, used 12774K [0x0000000715580000, 0x0000000728080000, 0x00000007c0000000)
  eden space 271872K, 0% used [0x0000000715580000,0x0000000715580000,0x0000000725f00000)
  from space 12800K, 99% used [0x0000000727400000,0x0000000728079b48,0x0000000728080000)
  to   space 14848K, 0% used [0x0000000726380000,0x0000000726380000,0x0000000727200000)
 ParOldGen       total 138752K, used 15841K [0x00000005c0000000, 0x00000005c8780000, 0x0000000715580000)
  object space 138752K, 11% used [0x00000005c0000000,0x00000005c0f786b0,0x00000005c8780000)
 Metaspace       used 44272K, capacity 46926K, committed 47104K, reserved 1089536K
  class space    used 6161K, capacity 6633K, committed 6656K, reserved 1048576K
}
Event: 11.205 GC heap before
{Heap before GC invocations=13 (full 2):
 PSYoungGen      total 284672K, used 284646K [0x0000000715580000, 0x0000000728080000, 0x00000007c0000000)
  eden space 271872K, 100% used [0x0000000715580000,0x0000000725f00000,0x0000000725f00000)
  from space 12800K, 99% used [0x0000000727400000,0x0000000728079b48,0x0000000728080000)
  to   space 14848K, 0% used [0x0000000726380000,0x0000000726380000,0x0000000727200000)
 ParOldGen       total 138752K, used 15841K [0x00000005c0000000, 0x00000005c8780000, 0x0000000715580000)
  object space 138752K, 11% used [0x00000005c0000000,0x00000005c0f786b0,0x00000005c8780000)
 Metaspace       used 51836K, capacity 55288K, committed 55424K, reserved 1097728K
  class space    used 7184K, capacity 7780K, committed 7808K, reserved 1048576K
Event: 11.219 GC heap after
Heap after GC invocations=13 (full 2):
 PSYoungGen      total 291328K, used 9251K [0x0000000715580000, 0x000000072cf00000, 0x00000007c0000000)
  eden space 276480K, 0% used [0x0000000715580000,0x0000000715580000,0x0000000726380000)
  from space 14848K, 62% used [0x0000000726380000,0x0000000726c88d40,0x0000000727200000)
  to   space 14336K, 0% used [0x000000072c100000,0x000000072c100000,0x000000072cf00000)
 ParOldGen       total 138752K, used 24139K [0x00000005c0000000, 0x00000005c8780000, 0x0000000715580000)
  object space 138752K, 17% used [0x00000005c0000000,0x00000005c1792ca0,0x00000005c8780000)
 Metaspace       used 51836K, capacity 55288K, committed 55424K, reserved 1097728K
  class space    used 7184K, capacity 7780K, committed 7808K, reserved 1048576K
}
Event: 12.123 GC heap before
{Heap before GC invocations=14 (full 2):
 PSYoungGen      total 291328K, used 124203K [0x0000000715580000, 0x000000072cf00000, 0x00000007c0000000)
  eden space 276480K, 41% used [0x0000000715580000,0x000000071c5c2298,0x0000000726380000)
  from space 14848K, 62% used [0x0000000726380000,0x0000000726c88d40,0x0000000727200000)
  to   space 14336K, 0% used [0x000000072c100000,0x000000072c100000,0x000000072cf00000)
 ParOldGen       total 138752K, used 24139K [0x00000005c0000000, 0x00000005c8780000, 0x0000000715580000)
  object space 138752K, 17% used [0x00000005c0000000,0x00000005c1792ca0,0x00000005c8780000)
 Metaspace       used 55174K, capacity 59030K, committed 59096K, reserved 1099776K
  class space    used 7770K, capacity 8427K, committed 8448K, reserved 1048576K
Event: 12.133 GC heap after
Heap after GC invocations=14 (full 2):
 PSYoungGen      total 372224K, used 5778K [0x0000000715580000, 0x000000072d300000, 0x00000007c0000000)
  eden space 357888K, 0% used [0x0000000715580000,0x0000000715580000,0x000000072b300000)
  from space 14336K, 40% used [0x000000072c100000,0x000000072c6a4898,0x000000072cf00000)
  to   space 14336K, 0% used [0x000000072b300000,0x000000072b300000,0x000000072c100000)
 ParOldGen       total 138752K, used 28024K [0x00000005c0000000, 0x00000005c8780000, 0x0000000715580000)
  object space 138752K, 20% used [0x00000005c0000000,0x00000005c1b5e320,0x00000005c8780000)
 Metaspace       used 55174K, capacity 59030K, committed 59096K, reserved 1099776K
  class space    used 7770K, capacity 8427K, committed 8448K, reserved 1048576K
}
Event: 12.133 GC heap before
{Heap before GC invocations=15 (full 3):
 PSYoungGen      total 372224K, used 5778K [0x0000000715580000, 0x000000072d300000, 0x00000007c0000000)
  eden space 357888K, 0% used [0x0000000715580000,0x0000000715580000,0x000000072b300000)
  from space 14336K, 40% used [0x000000072c100000,0x000000072c6a4898,0x000000072cf00000)
  to   space 14336K, 0% used [0x000000072b300000,0x000000072b300000,0x000000072c100000)
 ParOldGen       total 138752K, used 28024K [0x00000005c0000000, 0x00000005c8780000, 0x0000000715580000)
  object space 138752K, 20% used [0x00000005c0000000,0x00000005c1b5e320,0x00000005c8780000)
 Metaspace       used 55174K, capacity 59030K, committed 59096K, reserved 1099776K
  class space    used 7770K, capacity 8427K, committed 8448K, reserved 1048576K
Event: 12.394 GC heap after
Heap after GC invocations=15 (full 3):
 PSYoungGen      total 372224K, used 0K [0x0000000715580000, 0x000000072d300000, 0x00000007c0000000)
  eden space 357888K, 0% used [0x0000000715580000,0x0000000715580000,0x000000072b300000)
  from space 14336K, 0% used [0x000000072c100000,0x000000072c100000,0x000000072cf00000)
  to   space 14336K, 0% used [0x000000072b300000,0x000000072b300000,0x000000072c100000)
 ParOldGen       total 207872K, used 29530K [0x00000005c0000000, 0x00000005ccb00000, 0x0000000715580000)
  object space 207872K, 14% used [0x00000005c0000000,0x00000005c1cd6a08,0x00000005ccb00000)
 Metaspace       used 55142K, capacity 58942K, committed 59096K, reserved 1099776K
  class space    used 7763K, capacity 8419K, committed 8448K, reserved 1048576K
}
Event: 16.679 GC heap before
{Heap before GC invocations=16 (full 3):
 PSYoungGen      total 372224K, used 357888K [0x0000000715580000, 0x000000072d300000, 0x00000007c0000000)
  eden space 357888K, 100% used [0x0000000715580000,0x000000072b300000,0x000000072b300000)
  from space 14336K, 0% used [0x000000072c100000,0x000000072c100000,0x000000072cf00000)
  to   space 14336K, 0% used [0x000000072b300000,0x000000072b300000,0x000000072c100000)
 ParOldGen       total 207872K, used 29530K [0x00000005c0000000, 0x00000005ccb00000, 0x0000000715580000)
  object space 207872K, 14% used [0x00000005c0000000,0x00000005c1cd6a08,0x00000005ccb00000)
 Metaspace       used 69755K, capacity 75504K, committed 75648K, reserved 1114112K
  class space    used 9923K, capacity 10870K, committed 10880K, reserved 1048576K
Event: 16.702 GC heap after
Heap after GC invocations=16 (full 3):
 PSYoungGen      total 372224K, used 14317K [0x0000000715580000, 0x0000000731b00000, 0x00000007c0000000)
  eden space 357888K, 0% used [0x0000000715580000,0x0000000715580000,0x000000072b300000)
  from space 14336K, 99% used [0x000000072b300000,0x000000072c0fb458,0x000000072c100000)
  to   space 19968K, 0% used [0x0000000730780000,0x0000000730780000,0x0000000731b00000)
 ParOldGen       total 207872K, used 40092K [0x00000005c0000000, 0x00000005ccb00000, 0x0000000715580000)
  object space 207872K, 19% used [0x00000005c0000000,0x00000005c27273a8,0x00000005ccb00000)
 Metaspace       used 69755K, capacity 75504K, committed 75648K, reserved 1114112K
  class space    used 9923K, capacity 10870K, committed 10880K, reserved 1048576K
}
Event: 21.332 GC heap before
{Heap before GC invocations=17 (full 3):
 PSYoungGen      total 372224K, used 372205K [0x0000000715580000, 0x0000000731b00000, 0x00000007c0000000)
  eden space 357888K, 100% used [0x0000000715580000,0x000000072b300000,0x000000072b300000)
  from space 14336K, 99% used [0x000000072b300000,0x000000072c0fb458,0x000000072c100000)
  to   space 19968K, 0% used [0x0000000730780000,0x0000000730780000,0x0000000731b00000)
 ParOldGen       total 207872K, used 40092K [0x00000005c0000000, 0x00000005ccb00000, 0x0000000715580000)
  object space 207872K, 19% used [0x00000005c0000000,0x00000005c27273a8,0x00000005ccb00000)
 Metaspace       used 86703K, capacity 93150K, committed 93312K, reserved 1128448K
  class space    used 12566K, capacity 13614K, committed 13696K, reserved 1048576K
Event: 21.392 GC heap after
Heap after GC invocations=17 (full 3):
 PSYoungGen      total 434688K, used 19960K [0x0000000715580000, 0x0000000733000000, 0x00000007c0000000)
  eden space 414720K, 0% used [0x0000000715580000,0x0000000715580000,0x000000072ea80000)
  from space 19968K, 99% used [0x0000000730780000,0x0000000731afe2f0,0x0000000731b00000)
  to   space 29696K, 0% used [0x000000072ea80000,0x000000072ea80000,0x0000000730780000)
 ParOldGen       total 207872K, used 58851K [0x00000005c0000000, 0x00000005ccb00000, 0x0000000715580000)
  object space 207872K, 28% used [0x00000005c0000000,0x00000005c3978df0,0x00000005ccb00000)
 Metaspace       used 86703K, capacity 93150K, committed 93312K, reserved 1128448K
  class space    used 12566K, capacity 13614K, committed 13696K, reserved 1048576K
}
Event: 22.976 GC heap before
{Heap before GC invocations=18 (full 3):
 PSYoungGen      total 434688K, used 236904K [0x0000000715580000, 0x0000000733000000, 0x00000007c0000000)
  eden space 414720K, 52% used [0x0000000715580000,0x000000072295bd10,0x000000072ea80000)
  from space 19968K, 99% used [0x0000000730780000,0x0000000731afe2f0,0x0000000731b00000)
  to   space 29696K, 0% used [0x000000072ea80000,0x000000072ea80000,0x0000000730780000)
 ParOldGen       total 207872K, used 58851K [0x00000005c0000000, 0x00000005ccb00000, 0x0000000715580000)
  object space 207872K, 28% used [0x00000005c0000000,0x00000005c3978df0,0x00000005ccb00000)
 Metaspace       used 91752K, capacity 98422K, committed 98496K, reserved 1134592K
  class space    used 13128K, capacity 14226K, committed 14272K, reserved 1048576K
Event: 23.011 GC heap after
Heap after GC invocations=18 (full 3):
 PSYoungGen      total 444416K, used 28924K [0x0000000715580000, 0x0000000738500000, 0x00000007c0000000)
  eden space 414720K, 0% used [0x0000000715580000,0x0000000715580000,0x000000072ea80000)
  from space 29696K, 97% used [0x000000072ea80000,0x00000007306bf360,0x0000000730780000)
  to   space 33792K, 0% used [0x0000000736400000,0x0000000736400000,0x0000000738500000)
 ParOldGen       total 207872K, used 70817K [0x00000005c0000000, 0x00000005ccb00000, 0x0000000715580000)
  object space 207872K, 34% used [0x00000005c0000000,0x00000005c4528770,0x00000005ccb00000)
 Metaspace       used 91752K, capacity 98422K, committed 98496K, reserved 1134592K
  class space    used 13128K, capacity 14226K, committed 14272K, reserved 1048576K
}
Event: 23.011 GC heap before
{Heap before GC invocations=19 (full 4):
 PSYoungGen      total 444416K, used 28924K [0x0000000715580000, 0x0000000738500000, 0x00000007c0000000)
  eden space 414720K, 0% used [0x0000000715580000,0x0000000715580000,0x000000072ea80000)
  from space 29696K, 97% used [0x000000072ea80000,0x00000007306bf360,0x0000000730780000)
  to   space 33792K, 0% used [0x0000000736400000,0x0000000736400000,0x0000000738500000)
 ParOldGen       total 207872K, used 70817K [0x00000005c0000000, 0x00000005ccb00000, 0x0000000715580000)
  object space 207872K, 34% used [0x00000005c0000000,0x00000005c4528770,0x00000005ccb00000)
 Metaspace       used 91752K, capacity 98422K, committed 98496K, reserved 1134592K
  class space    used 13128K, capacity 14226K, committed 14272K, reserved 1048576K
Event: 23.268 GC heap after
Heap after GC invocations=19 (full 4):
 PSYoungGen      total 444416K, used 0K [0x0000000715580000, 0x0000000738500000, 0x00000007c0000000)
  eden space 414720K, 0% used [0x0000000715580000,0x0000000715580000,0x000000072ea80000)
  from space 29696K, 0% used [0x000000072ea80000,0x000000072ea80000,0x0000000730780000)
  to   space 33792K, 0% used [0x0000000736400000,0x0000000736400000,0x0000000738500000)
 ParOldGen       total 330752K, used 75277K [0x00000005c0000000, 0x00000005d4300000, 0x0000000715580000)
  object space 330752K, 22% used [0x00000005c0000000,0x00000005c4983568,0x00000005d4300000)
 Metaspace       used 91644K, capacity 98074K, committed 98496K, reserved 1134592K
  class space    used 13091K, capacity 14164K, committed 14272K, reserved 1048576K
}
Event: 27.628 GC heap before
{Heap before GC invocations=20 (full 4):
 PSYoungGen      total 444416K, used 414720K [0x0000000715580000, 0x0000000738500000, 0x00000007c0000000)
  eden space 414720K, 100% used [0x0000000715580000,0x000000072ea80000,0x000000072ea80000)
  from space 29696K, 0% used [0x000000072ea80000,0x000000072ea80000,0x0000000730780000)
  to   space 33792K, 0% used [0x0000000736400000,0x0000000736400000,0x0000000738500000)
 ParOldGen       total 330752K, used 75277K [0x00000005c0000000, 0x00000005d4300000, 0x0000000715580000)
  object space 330752K, 22% used [0x00000005c0000000,0x00000005c4983568,0x00000005d4300000)
 Metaspace       used 109622K, capacity 117594K, committed 117824K, reserved 1150976K
  class space    used 15107K, capacity 16416K, committed 16448K, reserved 1048576K
Event: 27.657 GC heap after
Heap after GC invocations=20 (full 4):
 PSYoungGen      total 531456K, used 33789K [0x0000000715580000, 0x0000000738880000, 0x00000007c0000000)
  eden space 497664K, 0% used [0x0000000715580000,0x0000000715580000,0x0000000733b80000)
  from space 33792K, 99% used [0x0000000736400000,0x00000007384ff600,0x0000000738500000)
  to   space 39424K, 0% used [0x0000000733b80000,0x0000000733b80000,0x0000000736200000)
 ParOldGen       total 330752K, used 75983K [0x00000005c0000000, 0x00000005d4300000, 0x0000000715580000)
  object space 330752K, 22% used [0x00000005c0000000,0x00000005c4a33d50,0x00000005d4300000)
 Metaspace       used 109622K, capacity 117594K, committed 117824K, reserved 1150976K
  class space    used 15107K, capacity 16416K, committed 16448K, reserved 1048576K
}

