# JRE version: OpenJDK Runtime Environment (8.0_482-b08) (build 1.8.0_482-b08)
# Java VM: OpenJDK 64-Bit Server VM (25.482-b08 mixed mode windows-amd64 compressed oops)
Heap:
 PSYoungGen      total 553472K, used 70936K [0x0000000715580000, 0x000000073cc80000, 0x00000007c0000000)
  eden space 511488K, 5% used [0x0000000715580000,0x00000007171cb158,0x0000000734900000)
  from space 41984K, 99% used [0x000000073a380000,0x000000073cc7b000,0x000000073cc80000)
  to   space 38912K, 0% used [0x0000000734900000,0x0000000734900000,0x0000000736f00000)
 ParOldGen       total 332800K, used 109286K [0x00000005c0000000, 0x00000005d4500000, 0x0000000715580000)
  object space 332800K, 32% used [0x00000005c0000000,0x00000005c6ab9a78,0x00000005d4500000)
 Metaspace       used 144111K, capacity 154510K, committed 154664K, reserved 1183744K
  class space    used 18750K, capacity 20408K, committed 20520K, reserved 1048576K
GC Heap History (44 events):
Event: 0.956 GC heap before
{Heap before GC invocations=1 (full 0):
 PSYoungGen      total 75264K, used 64512K [0x0000000715580000, 0x000000071a980000, 0x00000007c0000000)
  eden space 64512K, 100% used [0x0000000715580000,0x0000000719480000,0x0000000719480000)
  from space 10752K, 0% used [0x0000000719f00000,0x0000000719f00000,0x000000071a980000)
  to   space 10752K, 0% used [0x0000000719480000,0x0000000719480000,0x0000000719f00000)
 ParOldGen       total 172032K, used 0K [0x00000005c0000000, 0x00000005ca800000, 0x0000000715580000)
  object space 172032K, 0% used [0x00000005c0000000,0x00000005c0000000,0x00000005ca800000)
 Metaspace       used 8070K, capacity 8292K, committed 8576K, reserved 1056768K
  class space    used 955K, capacity 1062K, committed 1152K, reserved 1048576K
Event: 0.963 GC heap after
Heap after GC invocations=1 (full 0):
 PSYoungGen      total 75264K, used 4250K [0x0000000715580000, 0x000000071a980000, 0x00000007c0000000)
  eden space 64512K, 0% used [0x0000000715580000,0x0000000715580000,0x0000000719480000)
  from space 10752K, 39% used [0x0000000719480000,0x00000007198a6868,0x0000000719f00000)
  to   space 10752K, 0% used [0x0000000719f00000,0x0000000719f00000,0x000000071a980000)
 ParOldGen       total 172032K, used 16K [0x00000005c0000000, 0x00000005ca800000, 0x0000000715580000)
  object space 172032K, 0% used [0x00000005c0000000,0x00000005c0004000,0x00000005ca800000)
 Metaspace       used 8070K, capacity 8292K, committed 8576K, reserved 1056768K
  class space    used 955K, capacity 1062K, committed 1152K, reserved 1048576K
}
Event: 1.544 GC heap before
{Heap before GC invocations=2 (full 0):
 PSYoungGen      total 75264K, used 68762K [0x0000000715580000, 0x000000071a980000, 0x00000007c0000000)
  eden space 64512K, 100% used [0x0000000715580000,0x0000000719480000,0x0000000719480000)
  from space 10752K, 39% used [0x0000000719480000,0x00000007198a6868,0x0000000719f00000)
  to   space 10752K, 0% used [0x0000000719f00000,0x0000000719f00000,0x000000071a980000)
 ParOldGen       total 172032K, used 16K [0x00000005c0000000, 0x00000005ca800000, 0x0000000715580000)
  object space 172032K, 0% used [0x00000005c0000000,0x00000005c0004000,0x00000005ca800000)
 Metaspace       used 8960K, capacity 9174K, committed 9472K, reserved 1056768K
  class space    used 1064K, capacity 1161K, committed 1280K, reserved 1048576K
Event: 1.549 GC heap after
Heap after GC invocations=2 (full 0):
 PSYoungGen      total 75264K, used 5892K [0x0000000715580000, 0x000000071a980000, 0x00000007c0000000)
  eden space 64512K, 0% used [0x0000000715580000,0x0000000715580000,0x0000000719480000)
  from space 10752K, 54% used [0x0000000719f00000,0x000000071a4c1250,0x000000071a980000)
  to   space 10752K, 0% used [0x0000000719480000,0x0000000719480000,0x0000000719f00000)
 ParOldGen       total 172032K, used 24K [0x00000005c0000000, 0x00000005ca800000, 0x0000000715580000)
  object space 172032K, 0% used [0x00000005c0000000,0x00000005c0006000,0x00000005ca800000)
 Metaspace       used 8960K, capacity 9174K, committed 9472K, reserved 1056768K
  class space    used 1064K, capacity 1161K, committed 1280K, reserved 1048576K
}
Event: 1.884 GC heap before
{Heap before GC invocations=3 (full 0):
 PSYoungGen      total 75264K, used 70404K [0x0000000715580000, 0x000000071a980000, 0x00000007c0000000)
  eden space 64512K, 100% used [0x0000000715580000,0x0000000719480000,0x0000000719480000)
  from space 10752K, 54% used [0x0000000719f00000,0x000000071a4c1250,0x000000071a980000)
  to   space 10752K, 0% used [0x0000000719480000,0x0000000719480000,0x0000000719f00000)
 ParOldGen       total 172032K, used 24K [0x00000005c0000000, 0x00000005ca800000, 0x0000000715580000)
  object space 172032K, 0% used [0x00000005c0000000,0x00000005c0006000,0x00000005ca800000)
 Metaspace       used 9658K, capacity 9984K, committed 10112K, reserved 1058816K
  class space    used 1197K, capacity 1300K, committed 1408K, reserved 1048576K
Event: 1.888 GC heap after
Heap after GC invocations=3 (full 0):
 PSYoungGen      total 75264K, used 6122K [0x0000000715580000, 0x000000071a980000, 0x00000007c0000000)
  eden space 64512K, 0% used [0x0000000715580000,0x0000000715580000,0x0000000719480000)
  from space 10752K, 56% used [0x0000000719480000,0x0000000719a7aba0,0x0000000719f00000)
  to   space 10752K, 0% used [0x0000000719f00000,0x0000000719f00000,0x000000071a980000)
 ParOldGen       total 172032K, used 32K [0x00000005c0000000, 0x00000005ca800000, 0x0000000715580000)
  object space 172032K, 0% used [0x00000005c0000000,0x00000005c0008000,0x00000005ca800000)
 Metaspace       used 9658K, capacity 9984K, committed 10112K, reserved 1058816K
  class space    used 1197K, capacity 1300K, committed 1408K, reserved 1048576K
}
Event: 3.179 GC heap before
{Heap before GC invocations=4 (full 0):
 PSYoungGen      total 75264K, used 70634K [0x0000000715580000, 0x000000071a980000, 0x00000007c0000000)
  eden space 64512K, 100% used [0x0000000715580000,0x0000000719480000,0x0000000719480000)
  from space 10752K, 56% used [0x0000000719480000,0x0000000719a7aba0,0x0000000719f00000)
  to   space 10752K, 0% used [0x0000000719f00000,0x0000000719f00000,0x000000071a980000)
 ParOldGen       total 172032K, used 32K [0x00000005c0000000, 0x00000005ca800000, 0x0000000715580000)
  object space 172032K, 0% used [0x00000005c0000000,0x00000005c0008020,0x00000005ca800000)
 Metaspace       used 15832K, capacity 16286K, committed 16512K, reserved 1062912K
  class space    used 2032K, capacity 2155K, committed 2176K, reserved 1048576K
Event: 3.189 GC heap after
Heap after GC invocations=4 (full 0):
 PSYoungGen      total 75264K, used 9846K [0x0000000715580000, 0x000000071a980000, 0x00000007c0000000)
  eden space 64512K, 0% used [0x0000000715580000,0x0000000715580000,0x0000000719480000)
  from space 10752K, 91% used [0x0000000719f00000,0x000000071a89d8f8,0x000000071a980000)
  to   space 10752K, 0% used [0x0000000719480000,0x0000000719480000,0x0000000719f00000)
 ParOldGen       total 172032K, used 40K [0x00000005c0000000, 0x00000005ca800000, 0x0000000715580000)
  object space 172032K, 0% used [0x00000005c0000000,0x00000005c000a020,0x00000005ca800000)
 Metaspace       used 15832K, capacity 16286K, committed 16512K, reserved 1062912K
  class space    used 2032K, capacity 2155K, committed 2176K, reserved 1048576K
}
Event: 3.759 GC heap before
{Heap before GC invocations=5 (full 0):
 PSYoungGen      total 75264K, used 74358K [0x0000000715580000, 0x000000071a980000, 0x00000007c0000000)
  eden space 64512K, 100% used [0x0000000715580000,0x0000000719480000,0x0000000719480000)
  from space 10752K, 91% used [0x0000000719f00000,0x000000071a89d8f8,0x000000071a980000)
  to   space 10752K, 0% used [0x0000000719480000,0x0000000719480000,0x0000000719f00000)
 ParOldGen       total 172032K, used 50K [0x00000005c0000000, 0x00000005ca800000, 0x0000000715580000)
  object space 172032K, 0% used [0x00000005c0000000,0x00000005c000c850,0x00000005ca800000)
 Metaspace       used 19567K, capacity 20448K, committed 20608K, reserved 1067008K
  class space    used 2604K, capacity 2824K, committed 2944K, reserved 1048576K
Event: 3.767 GC heap after
Heap after GC invocations=5 (full 0):
 PSYoungGen      total 75264K, used 10735K [0x0000000715580000, 0x000000071ec80000, 0x00000007c0000000)
  eden space 64512K, 0% used [0x0000000715580000,0x0000000715580000,0x0000000719480000)
  from space 10752K, 99% used [0x0000000719480000,0x0000000719efbef0,0x0000000719f00000)
  to   space 12800K, 0% used [0x000000071e000000,0x000000071e000000,0x000000071ec80000)
 ParOldGen       total 172032K, used 215K [0x00000005c0000000, 0x00000005ca800000, 0x0000000715580000)
  object space 172032K, 0% used [0x00000005c0000000,0x00000005c0035cc0,0x00000005ca800000)
 Metaspace       used 19567K, capacity 20448K, committed 20608K, reserved 1067008K
  class space    used 2604K, capacity 2824K, committed 2944K, reserved 1048576K
}
Event: 3.888 GC heap before
{Heap before GC invocations=6 (full 0):
 PSYoungGen      total 75264K, used 32222K [0x0000000715580000, 0x000000071ec80000, 0x00000007c0000000)
  eden space 64512K, 33% used [0x0000000715580000,0x0000000716a7ba30,0x0000000719480000)
  from space 10752K, 99% used [0x0000000719480000,0x0000000719efbef0,0x0000000719f00000)
  to   space 12800K, 0% used [0x000000071e000000,0x000000071e000000,0x000000071ec80000)
 ParOldGen       total 172032K, used 215K [0x00000005c0000000, 0x00000005ca800000, 0x0000000715580000)
  object space 172032K, 0% used [0x00000005c0000000,0x00000005c0035cc0,0x00000005ca800000)
 Metaspace       used 20442K, capacity 21268K, committed 21296K, reserved 1067008K
  class space    used 2751K, capacity 2942K, committed 2944K, reserved 1048576K
Event: 3.896 GC heap after
Heap after GC invocations=6 (full 0):
 PSYoungGen      total 141824K, used 8746K [0x0000000715580000, 0x000000071ec80000, 0x00000007c0000000)
  eden space 129024K, 0% used [0x0000000715580000,0x0000000715580000,0x000000071d380000)
  from space 12800K, 68% used [0x000000071e000000,0x000000071e88aae8,0x000000071ec80000)
  to   space 12800K, 0% used [0x000000071d380000,0x000000071d380000,0x000000071e000000)
 ParOldGen       total 172032K, used 223K [0x00000005c0000000, 0x00000005ca800000, 0x0000000715580000)
  object space 172032K, 0% used [0x00000005c0000000,0x00000005c0037cc0,0x00000005ca800000)
 Metaspace       used 20442K, capacity 21268K, committed 21296K, reserved 1067008K
  class space    used 2751K, capacity 2942K, committed 2944K, reserved 1048576K
}
Event: 3.896 GC heap before
{Heap before GC invocations=7 (full 1):
 PSYoungGen      total 141824K, used 8746K [0x0000000715580000, 0x000000071ec80000, 0x00000007c0000000)
  eden space 129024K, 0% used [0x0000000715580000,0x0000000715580000,0x000000071d380000)
  from space 12800K, 68% used [0x000000071e000000,0x000000071e88aae8,0x000000071ec80000)
  to   space 12800K, 0% used [0x000000071d380000,0x000000071d380000,0x000000071e000000)
 ParOldGen       total 172032K, used 223K [0x00000005c0000000, 0x00000005ca800000, 0x0000000715580000)
  object space 172032K, 0% used [0x00000005c0000000,0x00000005c0037cc0,0x00000005ca800000)
 Metaspace       used 20442K, capacity 21268K, committed 21296K, reserved 1067008K
  class space    used 2751K, capacity 2942K, committed 2944K, reserved 1048576K
Event: 3.931 GC heap after
Heap after GC invocations=7 (full 1):
 PSYoungGen      total 141824K, used 0K [0x0000000715580000, 0x000000071ec80000, 0x00000007c0000000)
  eden space 129024K, 0% used [0x0000000715580000,0x0000000715580000,0x000000071d380000)
  from space 12800K, 0% used [0x000000071e000000,0x000000071e000000,0x000000071ec80000)
  to   space 12800K, 0% used [0x000000071d380000,0x000000071d380000,0x000000071e000000)
 ParOldGen       total 92160K, used 8530K [0x00000005c0000000, 0x00000005c5a00000, 0x0000000715580000)
  object space 92160K, 9% used [0x00000005c0000000,0x00000005c0854868,0x00000005c5a00000)
 Metaspace       used 20442K, capacity 21268K, committed 21296K, reserved 1067008K
  class space    used 2751K, capacity 2942K, committed 2944K, reserved 1048576K
}
Event: 4.627 GC heap before
{Heap before GC invocations=8 (full 1):
 PSYoungGen      total 141824K, used 129024K [0x0000000715580000, 0x000000071ec80000, 0x00000007c0000000)
  eden space 129024K, 100% used [0x0000000715580000,0x000000071d380000,0x000000071d380000)
  from space 12800K, 0% used [0x000000071e000000,0x000000071e000000,0x000000071ec80000)
  to   space 12800K, 0% used [0x000000071d380000,0x000000071d380000,0x000000071e000000)
 ParOldGen       total 92160K, used 8530K [0x00000005c0000000, 0x00000005c5a00000, 0x0000000715580000)
  object space 92160K, 9% used [0x00000005c0000000,0x00000005c0854868,0x00000005c5a00000)
 Metaspace       used 25263K, capacity 26266K, committed 26496K, reserved 1073152K
  class space    used 3475K, capacity 3695K, committed 3712K, reserved 1048576K
Event: 4.634 GC heap after
Heap after GC invocations=8 (full 1):
 PSYoungGen      total 141824K, used 7451K [0x0000000715580000, 0x0000000724000000, 0x00000007c0000000)
  eden space 129024K, 0% used [0x0000000715580000,0x0000000715580000,0x000000071d380000)
  from space 12800K, 58% used [0x000000071d380000,0x000000071dac6e68,0x000000071e000000)
  to   space 11776K, 0% used [0x0000000723480000,0x0000000723480000,0x0000000724000000)
 ParOldGen       total 92160K, used 8538K [0x00000005c0000000, 0x00000005c5a00000, 0x0000000715580000)
  object space 92160K, 9% used [0x00000005c0000000,0x00000005c0856868,0x00000005c5a00000)
 Metaspace       used 25263K, capacity 26266K, committed 26496K, reserved 1073152K
  class space    used 3475K, capacity 3695K, committed 3712K, reserved 1048576K
}
Event: 5.705 GC heap before
{Heap before GC invocations=9 (full 1):
 PSYoungGen      total 141824K, used 136475K [0x0000000715580000, 0x0000000724000000, 0x00000007c0000000)
  eden space 129024K, 100% used [0x0000000715580000,0x000000071d380000,0x000000071d380000)
  from space 12800K, 58% used [0x000000071d380000,0x000000071dac6e68,0x000000071e000000)
  to   space 11776K, 0% used [0x0000000723480000,0x0000000723480000,0x0000000724000000)
 ParOldGen       total 92160K, used 8538K [0x00000005c0000000, 0x00000005c5a00000, 0x0000000715580000)
  object space 92160K, 9% used [0x00000005c0000000,0x00000005c0856868,0x00000005c5a00000)
 Metaspace       used 32008K, capacity 33764K, committed 33792K, reserved 1079296K
  class space    used 4473K, capacity 4854K, committed 4864K, reserved 1048576K
Event: 5.716 GC heap after
Heap after GC invocations=9 (full 1):
 PSYoungGen      total 224768K, used 11761K [0x0000000715580000, 0x0000000724000000, 0x00000007c0000000)
  eden space 212992K, 0% used [0x0000000715580000,0x0000000715580000,0x0000000722580000)
  from space 11776K, 99% used [0x0000000723480000,0x0000000723ffc788,0x0000000724000000)
  to   space 13312K, 0% used [0x0000000722600000,0x0000000722600000,0x0000000723300000)
 ParOldGen       total 92160K, used 8769K [0x00000005c0000000, 0x00000005c5a00000, 0x0000000715580000)
  object space 92160K, 9% used [0x00000005c0000000,0x00000005c0890780,0x00000005c5a00000)
 Metaspace       used 32008K, capacity 33764K, committed 33792K, reserved 1079296K
  class space    used 4473K, capacity 4854K, committed 4864K, reserved 1048576K
}
Event: 5.935 GC heap before
{Heap before GC invocations=10 (full 1):
 PSYoungGen      total 224768K, used 37569K [0x0000000715580000, 0x0000000724000000, 0x00000007c0000000)
  eden space 212992K, 12% used [0x0000000715580000,0x0000000716eb3e68,0x0000000722580000)
  from space 11776K, 99% used [0x0000000723480000,0x0000000723ffc788,0x0000000724000000)
  to   space 13312K, 0% used [0x0000000722600000,0x0000000722600000,0x0000000723300000)
 ParOldGen       total 92160K, used 8769K [0x00000005c0000000, 0x00000005c5a00000, 0x0000000715580000)
  object space 92160K, 9% used [0x00000005c0000000,0x00000005c0890780,0x00000005c5a00000)
 Metaspace       used 33431K, capacity 35446K, committed 35496K, reserved 1079296K
  class space    used 4688K, capacity 5091K, committed 5120K, reserved 1048576K
Event: 5.945 GC heap after
Heap after GC invocations=10 (full 1):
 PSYoungGen      total 226816K, used 8153K [0x0000000715580000, 0x0000000729880000, 0x00000007c0000000)
  eden space 213504K, 0% used [0x0000000715580000,0x0000000715580000,0x0000000722600000)
  from space 13312K, 61% used [0x0000000722600000,0x0000000722df6530,0x0000000723300000)
  to   space 12800K, 0% used [0x0000000728c00000,0x0000000728c00000,0x0000000729880000)
 ParOldGen       total 92160K, used 8777K [0x00000005c0000000, 0x00000005c5a00000, 0x0000000715580000)
  object space 92160K, 9% used [0x00000005c0000000,0x00000005c0892780,0x00000005c5a00000)
 Metaspace       used 33431K, capacity 35446K, committed 35496K, reserved 1079296K
  class space    used 4688K, capacity 5091K, committed 5120K, reserved 1048576K
}
Event: 5.945 GC heap before
{Heap before GC invocations=11 (full 2):
 PSYoungGen      total 226816K, used 8153K [0x0000000715580000, 0x0000000729880000, 0x00000007c0000000)
  eden space 213504K, 0% used [0x0000000715580000,0x0000000715580000,0x0000000722600000)
  from space 13312K, 61% used [0x0000000722600000,0x0000000722df6530,0x0000000723300000)
  to   space 12800K, 0% used [0x0000000728c00000,0x0000000728c00000,0x0000000729880000)
 ParOldGen       total 92160K, used 8777K [0x00000005c0000000, 0x00000005c5a00000, 0x0000000715580000)
  object space 92160K, 9% used [0x00000005c0000000,0x00000005c0892780,0x00000005c5a00000)
 Metaspace       used 33431K, capacity 35446K, committed 35496K, reserved 1079296K
  class space    used 4688K, capacity 5091K, committed 5120K, reserved 1048576K
Event: 5.995 GC heap after
Heap after GC invocations=11 (full 2):
 PSYoungGen      total 226816K, used 0K [0x0000000715580000, 0x0000000729880000, 0x00000007c0000000)
  eden space 213504K, 0% used [0x0000000715580000,0x0000000715580000,0x0000000722600000)
  from space 13312K, 0% used [0x0000000722600000,0x0000000722600000,0x0000000723300000)
  to   space 12800K, 0% used [0x0000000728c00000,0x0000000728c00000,0x0000000729880000)
 ParOldGen       total 134656K, used 15686K [0x00000005c0000000, 0x00000005c8380000, 0x0000000715580000)
  object space 134656K, 11% used [0x00000005c0000000,0x00000005c0f51b90,0x00000005c8380000)
 Metaspace       used 33431K, capacity 35446K, committed 35496K, reserved 1079296K
  class space    used 4688K, capacity 5091K, committed 5120K, reserved 1048576K
}
Event: 8.415 GC heap before
{Heap before GC invocations=12 (full 2):
 PSYoungGen      total 226816K, used 213504K [0x0000000715580000, 0x0000000729880000, 0x00000007c0000000)
  eden space 213504K, 100% used [0x0000000715580000,0x0000000722600000,0x0000000722600000)
  from space 13312K, 0% used [0x0000000722600000,0x0000000722600000,0x0000000723300000)
  to   space 12800K, 0% used [0x0000000728c00000,0x0000000728c00000,0x0000000729880000)
 ParOldGen       total 134656K, used 15686K [0x00000005c0000000, 0x00000005c8380000, 0x0000000715580000)
  object space 134656K, 11% used [0x00000005c0000000,0x00000005c0f51b90,0x00000005c8380000)
 Metaspace       used 46373K, capacity 49022K, committed 49152K, reserved 1091584K
  class space    used 6356K, capacity 6896K, committed 6912K, reserved 1048576K
Event: 8.443 GC heap after
Heap after GC invocations=12 (full 2):
 PSYoungGen      total 296448K, used 12794K [0x0000000715580000, 0x0000000729880000, 0x00000007c0000000)
  eden space 283648K, 0% used [0x0000000715580000,0x0000000715580000,0x0000000726a80000)
  from space 12800K, 99% used [0x0000000728c00000,0x000000072987ea90,0x0000000729880000)
  to   space 15872K, 0% used [0x0000000727980000,0x0000000727980000,0x0000000728900000)
 ParOldGen       total 134656K, used 20799K [0x00000005c0000000, 0x00000005c8380000, 0x0000000715580000)
  object space 134656K, 15% used [0x00000005c0000000,0x00000005c144ff00,0x00000005c8380000)
 Metaspace       used 46373K, capacity 49022K, committed 49152K, reserved 1091584K
  class space    used 6356K, capacity 6896K, committed 6912K, reserved 1048576K
}
Event: 10.188 GC heap before
{Heap before GC invocations=13 (full 2):
 PSYoungGen      total 296448K, used 296442K [0x0000000715580000, 0x0000000729880000, 0x00000007c0000000)
  eden space 283648K, 100% used [0x0000000715580000,0x0000000726a80000,0x0000000726a80000)
  from space 12800K, 99% used [0x0000000728c00000,0x000000072987ea90,0x0000000729880000)
  to   space 15872K, 0% used [0x0000000727980000,0x0000000727980000,0x0000000728900000)
 ParOldGen       total 134656K, used 20799K [0x00000005c0000000, 0x00000005c8380000, 0x0000000715580000)
  object space 134656K, 15% used [0x00000005c0000000,0x00000005c144ff00,0x00000005c8380000)
 Metaspace       used 48617K, capacity 51832K, committed 52096K, reserved 1093632K
  class space    used 6602K, capacity 7261K, committed 7296K, reserved 1048576K
Event: 10.210 GC heap after
Heap after GC invocations=13 (full 2):
 PSYoungGen      total 314880K, used 14176K [0x0000000715580000, 0x000000072e380000, 0x00000007c0000000)
  eden space 299008K, 0% used [0x0000000715580000,0x0000000715580000,0x0000000727980000)
  from space 15872K, 89% used [0x0000000727980000,0x0000000728758198,0x0000000728900000)
  to   space 17408K, 0% used [0x000000072d280000,0x000000072d280000,0x000000072e380000)
 ParOldGen       total 134656K, used 29819K [0x00000005c0000000, 0x00000005c8380000, 0x0000000715580000)
  object space 134656K, 22% used [0x00000005c0000000,0x00000005c1d1edb8,0x00000005c8380000)
 Metaspace       used 48617K, capacity 51832K, committed 52096K, reserved 1093632K
  class space    used 6602K, capacity 7261K, committed 7296K, reserved 1048576K
}
Event: 11.300 GC heap before
{Heap before GC invocations=14 (full 2):
 PSYoungGen      total 314880K, used 200243K [0x0000000715580000, 0x000000072e380000, 0x00000007c0000000)
  eden space 299008K, 62% used [0x0000000715580000,0x0000000720b34d08,0x0000000727980000)
  from space 15872K, 89% used [0x0000000727980000,0x0000000728758198,0x0000000728900000)
  to   space 17408K, 0% used [0x000000072d280000,0x000000072d280000,0x000000072e380000)
 ParOldGen       total 134656K, used 29819K [0x00000005c0000000, 0x00000005c8380000, 0x0000000715580000)
  object space 134656K, 22% used [0x00000005c0000000,0x00000005c1d1edb8,0x00000005c8380000)
 Metaspace       used 55671K, capacity 59020K, committed 59160K, reserved 1099776K
  class space    used 7901K, capacity 8571K, committed 8576K, reserved 1048576K
Event: 11.324 GC heap after
Heap after GC invocations=14 (full 2):
 PSYoungGen      total 390656K, used 8053K [0x0000000715580000, 0x000000072f800000, 0x00000007c0000000)
  eden space 373248K, 0% used [0x0000000715580000,0x0000000715580000,0x000000072c200000)
  from space 17408K, 46% used [0x000000072d280000,0x000000072da5d6d8,0x000000072e380000)
  to   space 16896K, 0% used [0x000000072c200000,0x000000072c200000,0x000000072d280000)
 ParOldGen       total 134656K, used 42955K [0x00000005c0000000, 0x00000005c8380000, 0x0000000715580000)
  object space 134656K, 31% used [0x00000005c0000000,0x00000005c29f2e08,0x00000005c8380000)
 Metaspace       used 55671K, capacity 59020K, committed 59160K, reserved 1099776K
  class space    used 7901K, capacity 8571K, committed 8576K, reserved 1048576K
}
Event: 11.324 GC heap before
{Heap before GC invocations=15 (full 3):
 PSYoungGen      total 390656K, used 8053K [0x0000000715580000, 0x000000072f800000, 0x00000007c0000000)
  eden space 373248K, 0% used [0x0000000715580000,0x0000000715580000,0x000000072c200000)
  from space 17408K, 46% used [0x000000072d280000,0x000000072da5d6d8,0x000000072e380000)
  to   space 16896K, 0% used [0x000000072c200000,0x000000072c200000,0x000000072d280000)
 ParOldGen       total 134656K, used 42955K [0x00000005c0000000, 0x00000005c8380000, 0x0000000715580000)
  object space 134656K, 31% used [0x00000005c0000000,0x00000005c29f2e08,0x00000005c8380000)
 Metaspace       used 55671K, capacity 59020K, committed 59160K, reserved 1099776K
  class space    used 7901K, capacity 8571K, committed 8576K, reserved 1048576K
Event: 11.671 GC heap after
Heap after GC invocations=15 (full 3):
 PSYoungGen      total 390656K, used 0K [0x0000000715580000, 0x000000072f800000, 0x00000007c0000000)
  eden space 373248K, 0% used [0x0000000715580000,0x0000000715580000,0x000000072c200000)
  from space 17408K, 0% used [0x000000072d280000,0x000000072d280000,0x000000072e380000)
  to   space 16896K, 0% used [0x000000072c200000,0x000000072c200000,0x000000072d280000)
 ParOldGen       total 216576K, used 43730K [0x00000005c0000000, 0x00000005cd380000, 0x0000000715580000)
  object space 216576K, 20% used [0x00000005c0000000,0x00000005c2ab4838,0x00000005cd380000)
 Metaspace       used 55539K, capacity 58622K, committed 59160K, reserved 1099776K
  class space    used 7859K, capacity 8437K, committed 8576K, reserved 1048576K
}
Event: 15.211 GC heap before
{Heap before GC invocations=16 (full 3):
 PSYoungGen      total 390656K, used 373248K [0x0000000715580000, 0x000000072f800000, 0x00000007c0000000)
  eden space 373248K, 100% used [0x0000000715580000,0x000000072c200000,0x000000072c200000)
  from space 17408K, 0% used [0x000000072d280000,0x000000072d280000,0x000000072e380000)
  to   space 16896K, 0% used [0x000000072c200000,0x000000072c200000,0x000000072d280000)
 ParOldGen       total 216576K, used 43730K [0x00000005c0000000, 0x00000005cd380000, 0x0000000715580000)
  object space 216576K, 20% used [0x00000005c0000000,0x00000005c2ab4838,0x00000005cd380000)
 Metaspace       used 70272K, capacity 73928K, committed 73984K, reserved 1112064K
  class space    used 9740K, capacity 10451K, committed 10496K, reserved 1048576K
Event: 15.239 GC heap after
Heap after GC invocations=16 (full 3):
 PSYoungGen      total 390144K, used 16893K [0x0000000715580000, 0x0000000733d00000, 0x00000007c0000000)
  eden space 373248K, 0% used [0x0000000715580000,0x0000000715580000,0x000000072c200000)
  from space 16896K, 99% used [0x000000072c200000,0x000000072d27f778,0x000000072d280000)
  to   space 25088K, 0% used [0x0000000732480000,0x0000000732480000,0x0000000733d00000)
 ParOldGen       total 216576K, used 61294K [0x00000005c0000000, 0x00000005cd380000, 0x0000000715580000)
  object space 216576K, 28% used [0x00000005c0000000,0x00000005c3bdba70,0x00000005cd380000)
 Metaspace       used 70272K, capacity 73928K, committed 73984K, reserved 1112064K
  class space    used 9740K, capacity 10451K, committed 10496K, reserved 1048576K
}
Event: 18.881 GC heap before
{Heap before GC invocations=17 (full 3):
 PSYoungGen      total 390144K, used 390141K [0x0000000715580000, 0x0000000733d00000, 0x00000007c0000000)
  eden space 373248K, 100% used [0x0000000715580000,0x000000072c200000,0x000000072c200000)
  from space 16896K, 99% used [0x000000072c200000,0x000000072d27f778,0x000000072d280000)
  to   space 25088K, 0% used [0x0000000732480000,0x0000000732480000,0x0000000733d00000)
 ParOldGen       total 216576K, used 61294K [0x00000005c0000000, 0x00000005cd380000, 0x0000000715580000)
  object space 216576K, 28% used [0x00000005c0000000,0x00000005c3bdba70,0x00000005cd380000)
 Metaspace       used 88029K, capacity 93082K, committed 93312K, reserved 1130496K
  class space    used 11714K, capacity 12632K, committed 12672K, reserved 1048576K
Event: 18.914 GC heap after
Heap after GC invocations=17 (full 3):
 PSYoungGen      total 461312K, used 25075K [0x0000000715580000, 0x0000000735080000, 0x00000007c0000000)
  eden space 436224K, 0% used [0x0000000715580000,0x0000000715580000,0x000000072ff80000)
  from space 25088K, 99% used [0x0000000732480000,0x0000000733cfcd20,0x0000000733d00000)
  to   space 37888K, 0% used [0x000000072ff80000,0x000000072ff80000,0x0000000732480000)
 ParOldGen       total 216576K, used 85457K [0x00000005c0000000, 0x00000005cd380000, 0x0000000715580000)
  object space 216576K, 39% used [0x00000005c0000000,0x00000005c5374600,0x00000005cd380000)
 Metaspace       used 88029K, capacity 93082K, committed 93312K, reserved 1130496K
  class space    used 11714K, capacity 12632K, committed 12672K, reserved 1048576K
}
Event: 20.257 GC heap before
{Heap before GC invocations=18 (full 3):
 PSYoungGen      total 461312K, used 152316K [0x0000000715580000, 0x0000000735080000, 0x00000007c0000000)
  eden space 436224K, 29% used [0x0000000715580000,0x000000071d1c2310,0x000000072ff80000)
  from space 25088K, 99% used [0x0000000732480000,0x0000000733cfcd20,0x0000000733d00000)
  to   space 37888K, 0% used [0x000000072ff80000,0x000000072ff80000,0x0000000732480000)
 ParOldGen       total 216576K, used 85457K [0x00000005c0000000, 0x00000005cd380000, 0x0000000715580000)
  object space 216576K, 39% used [0x00000005c0000000,0x00000005c5374600,0x00000005cd380000)
 Metaspace       used 93073K, capacity 98530K, committed 98600K, reserved 1134592K
  class space    used 12323K, capacity 13314K, committed 13352K, reserved 1048576K
Event: 20.280 GC heap after
Heap after GC invocations=18 (full 3):
 PSYoungGen      total 474112K, used 9219K [0x0000000715580000, 0x0000000739980000, 0x00000007c0000000)
  eden space 436224K, 0% used [0x0000000715580000,0x0000000715580000,0x000000072ff80000)
  from space 37888K, 24% used [0x000000072ff80000,0x0000000730880cd0,0x0000000732480000)
  to   space 36864K, 0% used [0x0000000737580000,0x0000000737580000,0x0000000739980000)
 ParOldGen       total 216576K, used 98665K [0x00000005c0000000, 0x00000005cd380000, 0x0000000715580000)
  object space 216576K, 45% used [0x00000005c0000000,0x00000005c605a5f0,0x00000005cd380000)
 Metaspace       used 93073K, capacity 98530K, committed 98600K, reserved 1134592K
  class space    used 12323K, capacity 13314K, committed 13352K, reserved 1048576K
}
Event: 20.280 GC heap before
{Heap before GC invocations=19 (full 4):
 PSYoungGen      total 474112K, used 9219K [0x0000000715580000, 0x0000000739980000, 0x00000007c0000000)
  eden space 436224K, 0% used [0x0000000715580000,0x0000000715580000,0x000000072ff80000)
  from space 37888K, 24% used [0x000000072ff80000,0x0000000730880cd0,0x0000000732480000)
  to   space 36864K, 0% used [0x0000000737580000,0x0000000737580000,0x0000000739980000)
 ParOldGen       total 216576K, used 98665K [0x00000005c0000000, 0x00000005cd380000, 0x0000000715580000)
  object space 216576K, 45% used [0x00000005c0000000,0x00000005c605a5f0,0x00000005cd380000)
 Metaspace       used 93073K, capacity 98530K, committed 98600K, reserved 1134592K
  class space    used 12323K, capacity 13314K, committed 13352K, reserved 1048576K
Event: 20.595 GC heap after
Heap after GC invocations=19 (full 4):
 PSYoungGen      total 474112K, used 0K [0x0000000715580000, 0x0000000739980000, 0x00000007c0000000)
  eden space 436224K, 0% used [0x0000000715580000,0x0000000715580000,0x000000072ff80000)
  from space 37888K, 0% used [0x000000072ff80000,0x000000072ff80000,0x0000000732480000)
  to   space 36864K, 0% used [0x0000000737580000,0x0000000737580000,0x0000000739980000)
 ParOldGen       total 332800K, used 79580K [0x00000005c0000000, 0x00000005d4500000, 0x0000000715580000)
  object space 332800K, 23% used [0x00000005c0000000,0x00000005c4db7290,0x00000005d4500000)
 Metaspace       used 93073K, capacity 98530K, committed 98600K, reserved 1134592K
  class space    used 12323K, capacity 13314K, committed 13352K, reserved 1048576K
}
Event: 25.004 GC heap before
{Heap before GC invocations=20 (full 4):
 PSYoungGen      total 474112K, used 436224K [0x0000000715580000, 0x0000000739980000, 0x00000007c0000000)
  eden space 436224K, 100% used [0x0000000715580000,0x000000072ff80000,0x000000072ff80000)
  from space 37888K, 0% used [0x000000072ff80000,0x000000072ff80000,0x0000000732480000)
  to   space 36864K, 0% used [0x0000000737580000,0x0000000737580000,0x0000000739980000)
 ParOldGen       total 332800K, used 79580K [0x00000005c0000000, 0x00000005d4500000, 0x0000000715580000)
  object space 332800K, 23% used [0x00000005c0000000,0x00000005c4db7290,0x00000005d4500000)
 Metaspace       used 114460K, capacity 121570K, committed 121768K, reserved 1155072K
  class space    used 14756K, capacity 15942K, committed 16040K, reserved 1048576K
Event: 25.040 GC heap after
Heap after GC invocations=20 (full 4):
 PSYoungGen      total 543744K, used 26149K [0x0000000715580000, 0x0000000739500000, 0x00000007c0000000)
  eden space 511488K, 0% used [0x0000000715580000,0x0000000715580000,0x0000000734900000)
  from space 32256K, 81% used [0x0000000737580000,0x0000000738f094b8,0x0000000739500000)
  to   space 38912K, 0% used [0x0000000734900000,0x0000000734900000,0x0000000736f00000)
 ParOldGen       total 332800K, used 79588K [0x00000005c0000000, 0x00000005d4500000, 0x0000000715580000)
  object space 332800K, 23% used [0x00000005c0000000,0x00000005c4db9290,0x00000005d4500000)
 Metaspace       used 114460K, capacity 121570K, committed 121768K, reserved 1155072K
  class space    used 14756K, capacity 15942K, committed 16040K, reserved 1048576K
}
Event: 32.095 GC heap before
{Heap before GC invocations=21 (full 4):
 PSYoungGen      total 543744K, used 537637K [0x0000000715580000, 0x0000000739500000, 0x00000007c0000000)
  eden space 511488K, 100% used [0x0000000715580000,0x0000000734900000,0x0000000734900000)
  from space 32256K, 81% used [0x0000000737580000,0x0000000738f094b8,0x0000000739500000)
  to   space 38912K, 0% used [0x0000000734900000,0x0000000734900000,0x0000000736f00000)
 ParOldGen       total 332800K, used 79588K [0x00000005c0000000, 0x00000005d4500000, 0x0000000715580000)
  object space 332800K, 23% used [0x00000005c0000000,0x00000005c4db9290,0x00000005d4500000)
 Metaspace       used 128835K, capacity 137770K, committed 138152K, reserved 1169408K
  class space    used 16791K, capacity 18216K, committed 18344K, reserved 1048576K
Event: 32.119 GC heap after
Heap after GC invocations=21 (full 4):
 PSYoungGen      total 550400K, used 30805K [0x0000000715580000, 0x000000073cc80000, 0x00000007c0000000)
  eden space 511488K, 0% used [0x0000000715580000,0x0000000715580000,0x0000000734900000)
  from space 38912K, 79% used [0x0000000734900000,0x00000007367154c8,0x0000000736f00000)
  to   space 41984K, 0% used [0x000000073a380000,0x000000073a380000,0x000000073cc80000)
 ParOldGen       total 332800K, used 79596K [0x00000005c0000000, 0x00000005d4500000, 0x0000000715580000)
  object space 332800K, 23% used [0x00000005c0000000,0x00000005c4dbb290,0x00000005d4500000)
 Metaspace       used 128835K, capacity 137770K, committed 138152K, reserved 1169408K
  class space    used 16791K, capacity 18216K, committed 18344K, reserved 1048576K
}
Event: 37.401 GC heap before
{Heap before GC invocations=22 (full 4):
 PSYoungGen      total 550400K, used 542293K [0x0000000715580000, 0x000000073cc80000, 0x00000007c0000000)
  eden space 511488K, 100% used [0x0000000715580000,0x0000000734900000,0x0000000734900000)
  from space 38912K, 79% used [0x0000000734900000,0x00000007367154c8,0x0000000736f00000)
  to   space 41984K, 0% used [0x000000073a380000,0x000000073a380000,0x000000073cc80000)
 ParOldGen       total 332800K, used 79596K [0x00000005c0000000, 0x00000005d4500000, 0x0000000715580000)
  object space 332800K, 23% used [0x00000005c0000000,0x00000005c4dbb290,0x00000005d4500000)
 Metaspace       used 142980K, capacity 153078K, committed 153384K, reserved 1181696K
  class space    used 18625K, capacity 20192K, committed 20264K, reserved 1048576K
Event: 39.469 GC heap after
Heap after GC invocations=22 (full 4):
 PSYoungGen      total 553472K, used 41964K [0x0000000715580000, 0x000000073cc80000, 0x00000007c0000000)
  eden space 511488K, 0% used [0x0000000715580000,0x0000000715580000,0x0000000734900000)
  from space 41984K, 99% used [0x000000073a380000,0x000000073cc7b000,0x000000073cc80000)
  to   space 38912K, 0% used [0x0000000734900000,0x0000000734900000,0x0000000736f00000)
 ParOldGen       total 332800K, used 109286K [0x00000005c0000000, 0x00000005d4500000, 0x0000000715580000)
  object space 332800K, 32% used [0x00000005c0000000,0x00000005c6ab9a78,0x00000005d4500000)
 Metaspace       used 142980K, capacity 153078K, committed 153384K, reserved 1181696K
  class space    used 18625K, capacity 20192K, committed 20264K, reserved 1048576K
}

